<!DOCTYPE html PUBLIC "-//W3C//DTD XHTML 1.1//EN" "https://www.w3.org/TR/xhtml11/DTD/xhtml11.dtd">
<html xmlns="https://www.w3.org/1999/xhtml">
<head>
<meta http-equiv="content-type" content="text/html; charset=UTF-8"/>
<title>TestNG Report</title>
<style type="text/css">table {margin-bottom:10px;border-collapse:collapse;empty-cells:show}th,td {border:1px solid #009;padding:.25em .5em}th {vertical-align:bottom}td {vertical-align:top}table a {font-weight:bold}.stripe td {background-color: #E6EBF9}.num {text-align:right}.passedodd td {background-color: #3F3}.passedeven td {background-color: #0A0}.skippedodd td {background-color: #DDD}.skippedeven td {background-color: #CCC}.failedodd td,.attn {background-color: #F33}.failedeven td,.stripe .attn {background-color: #D00}.stacktrace {white-space:pre;font-family:monospace}.totop {font-size:85%;text-align:center;border-bottom:2px solid #000}.invisible {display:none}</style>
</head>
<body>
<table>
<tr><th>Test</th><th># Passed</th><th># Skipped</th><th># Retried</th><th># Failed</th><th>Time (ms)</th><th>Included Groups</th><th>Excluded Groups</th></tr>
<tr><th colspan="8">LambdaTest Suite</th></tr>
<tr><td><a href="#t0">Chrome LambdaTest</a></td><td class="num">2</td><td class="num">0</td><td class="num">0</td><td class="num attn">1</td><td class="num">21,336</td><td></td><td></td></tr>
<tr class="stripe"><td><a href="#t1">Edge LambdaTest</a></td><td class="num">2</td><td class="num">0</td><td class="num">0</td><td class="num attn">1</td><td class="num">23,005</td><td></td><td></td></tr>
<tr><td><a href="#t2">Firefox LambdaTest</a></td><td class="num">2</td><td class="num">0</td><td class="num">0</td><td class="num attn">1</td><td class="num">59,242</td><td></td><td></td></tr>
<tr class="stripe"><td><a href="#t3">IE LambdaTest</a></td><td class="num">2</td><td class="num">0</td><td class="num">0</td><td class="num attn">1</td><td class="num">25,140</td><td></td><td></td></tr>
<tr><th>Total</th><th class="num">8</th><th class="num">0</th><th class="num">0</th><th class="num attn">4</th><th class="num">128,723</th><th colspan="2"></th></tr>
</table>
<table id='summary'><thead><tr><th>Class</th><th>Method</th><th>Start</th><th>Time (ms)</th></tr></thead><tbody><tr><th colspan="4">LambdaTest Suite</th></tr></tbody><tbody id="t0"><tr><th colspan="4">Chrome LambdaTest &#8212; failed</th></tr><tr class="failedeven"><td rowspan="1">com.testscenarios.TestScenario1</td><td><a href="#m0">testScenario1</a></td><td rowspan="1">1737802395131</td><td rowspan="1">128</td></tr><tr><th colspan="4">Chrome LambdaTest &#8212; passed</th></tr><tr class="passedeven"><td rowspan="1">com.testscenarios.TestScenario3</td><td><a href="#m1">testScenario3</a></td><td rowspan="1">1737802385432</td><td rowspan="1">1025</td></tr><tr class="passedodd"><td rowspan="1">com.testscenarios.TestScenario2</td><td><a href="#m2">testScenario2</a></td><td rowspan="1">1737802387470</td><td rowspan="1">1373</td></tr></tbody>
<tbody id="t1"><tr><th colspan="4">Edge LambdaTest &#8212; failed</th></tr><tr class="failedeven"><td rowspan="1">com.testscenarios.TestScenario1</td><td><a href="#m3">testScenario1</a></td><td rowspan="1">1737802405388</td><td rowspan="1">458</td></tr><tr><th colspan="4">Edge LambdaTest &#8212; passed</th></tr><tr class="passedeven"><td rowspan="1">com.testscenarios.TestScenario3</td><td><a href="#m4">testScenario3</a></td><td rowspan="1">1737802407334</td><td rowspan="1">2943</td></tr><tr class="passedodd"><td rowspan="1">com.testscenarios.TestScenario2</td><td><a href="#m5">testScenario2</a></td><td rowspan="1">1737802416247</td><td rowspan="1">2046</td></tr></tbody>
<tbody id="t2"><tr><th colspan="4">Firefox LambdaTest &#8212; failed</th></tr><tr class="failedeven"><td rowspan="1">com.testscenarios.TestScenario1</td><td><a href="#m6">testScenario1</a></td><td rowspan="1">1737802441033</td><td rowspan="1">387</td></tr><tr><th colspan="4">Firefox LambdaTest &#8212; passed</th></tr><tr class="passedeven"><td rowspan="1">com.testscenarios.TestScenario3</td><td><a href="#m7">testScenario3</a></td><td rowspan="1">1737802471232</td><td rowspan="1">4136</td></tr><tr class="passedodd"><td rowspan="1">com.testscenarios.TestScenario2</td><td><a href="#m8">testScenario2</a></td><td rowspan="1">1737802441503</td><td rowspan="1">5000</td></tr></tbody>
<tbody id="t3"><tr><th colspan="4">IE LambdaTest &#8212; failed</th></tr><tr class="failedeven"><td rowspan="1">com.testscenarios.TestScenario1</td><td><a href="#m9">testScenario1</a></td><td rowspan="1">1737802489008</td><td rowspan="1">168</td></tr><tr><th colspan="4">IE LambdaTest &#8212; passed</th></tr><tr class="passedeven"><td rowspan="1">com.testscenarios.TestScenario3</td><td><a href="#m10">testScenario3</a></td><td rowspan="1">1737802501337</td><td rowspan="1">1547</td></tr><tr class="passedodd"><td rowspan="1">com.testscenarios.TestScenario2</td><td><a href="#m11">testScenario2</a></td><td rowspan="1">1737802489178</td><td rowspan="1">2401</td></tr></tbody>
</table>
<h2>Chrome LambdaTest</h2><h3 id="m0">com.testscenarios.TestScenario1#testScenario1</h3><table class="result"><tr><th>Exception</th></tr><tr><td><div class="stacktrace">java.lang.AssertionError:
    The following asserts failed:
    Page title did not match the expected value! expected [LambdaTest] but found [Selenium Grid Online | Run Selenium
    Test On Cloud]
    at com.testscenarios.TestScenario1.testScenario1(PageTitleDemo.java:17)
    at java.base/java.util.concurrent.ThreadPoolExecutor.runWorker(ThreadPoolExecutor.java:1136)
    at java.base/java.util.concurrent.ThreadPoolExecutor$Worker.run(ThreadPoolExecutor.java:635)
    at java.base/java.lang.Thread.run(Thread.java:833)
    ... Removed 19 stack frames</div></td></tr></table><p class="totop"><a href="#summary">back to summary</a></p>
<h3 id="m1">com.testscenarios.TestScenario3#testScenario3</h3><table class="result"><tr><th class="invisible"/></tr></table><p class="totop"><a href="#summary">back to summary</a></p>
<h3 id="m2">com.testscenarios.TestScenario2#testScenario2</h3><table class="result"><tr><th class="invisible"/></tr></table><p class="totop"><a href="#summary">back to summary</a></p>
<h2>Edge LambdaTest</h2><h3 id="m3">com.testscenarios.TestScenario1#testScenario1</h3><table class="result"><tr><th>Exception</th></tr><tr><td><div class="stacktrace">java.lang.AssertionError:
    The following asserts failed:
    Page title did not match the expected value! expected [LambdaTest] but found [Selenium Grid Online | Run Selenium
    Test On Cloud]
    at com.testscenarios.TestScenario1.testScenario1(PageTitleDemo.java:17)
    at java.base/java.util.concurrent.ThreadPoolExecutor.runWorker(ThreadPoolExecutor.java:1136)
    at java.base/java.util.concurrent.ThreadPoolExecutor$Worker.run(ThreadPoolExecutor.java:635)
    at java.base/java.lang.Thread.run(Thread.java:833)
    ... Removed 19 stack frames</div></td></tr></table><p class="totop"><a href="#summary">back to summary</a></p>
<h3 id="m4">com.testscenarios.TestScenario3#testScenario3</h3><table class="result"><tr><th class="invisible"/></tr></table><p class="totop"><a href="#summary">back to summary</a></p>
<h3 id="m5">com.testscenarios.TestScenario2#testScenario2</h3><table class="result"><tr><th class="invisible"/></tr></table><p class="totop"><a href="#summary">back to summary</a></p>
<h2>Firefox LambdaTest</h2><h3 id="m6">com.testscenarios.TestScenario1#testScenario1</h3><table class="result"><tr><th>Exception</th></tr><tr><td><div class="stacktrace">java.lang.AssertionError:
    The following asserts failed:
    Page title did not match the expected value! expected [LambdaTest] but found [Selenium Grid Online | Run Selenium
    Test On Cloud]
    at com.testscenarios.TestScenario1.testScenario1(PageTitleDemo.java:17)
    at java.base/java.util.concurrent.ThreadPoolExecutor.runWorker(ThreadPoolExecutor.java:1136)
    at java.base/java.util.concurrent.ThreadPoolExecutor$Worker.run(ThreadPoolExecutor.java:635)
    at java.base/java.lang.Thread.run(Thread.java:833)
    ... Removed 19 stack frames</div></td></tr></table><p class="totop"><a href="#summary">back to summary</a></p>
<h3 id="m7">com.testscenarios.TestScenario3#testScenario3</h3><table class="result"><tr><th class="invisible"/></tr></table><p class="totop"><a href="#summary">back to summary</a></p>
<h3 id="m8">com.testscenarios.TestScenario2#testScenario2</h3><table class="result"><tr><th class="invisible"/></tr></table><p class="totop"><a href="#summary">back to summary</a></p>
<h2>IE LambdaTest</h2><h3 id="m9">com.testscenarios.TestScenario1#testScenario1</h3><table class="result"><tr><th>Exception</th></tr><tr><td><div class="stacktrace">java.lang.AssertionError:
    The following asserts failed:
    Page title did not match the expected value! expected [LambdaTest] but found [Selenium Grid Online | Run Selenium
    Test On Cloud]
    at com.testscenarios.TestScenario1.testScenario1(PageTitleDemo.java:17)
    at java.base/java.util.concurrent.ThreadPoolExecutor.runWorker(ThreadPoolExecutor.java:1136)
    at java.base/java.util.concurrent.ThreadPoolExecutor$Worker.run(ThreadPoolExecutor.java:635)
    at java.base/java.lang.Thread.run(Thread.java:833)
    ... Removed 19 stack frames</div></td></tr></table><p class="totop"><a href="#summary">back to summary</a></p>
<h3 id="m10">com.testscenarios.TestScenario3#testScenario3</h3><table class="result"><tr><th class="invisible"/></tr></table><p class="totop"><a href="#summary">back to summary</a></p>
<h3 id="m11">com.testscenarios.TestScenario2#testScenario2</h3><table class="result"><tr><th class="invisible"/></tr></table><p class="totop"><a href="#summary">back to summary</a></p>
</body>
</html>
