<?xml version="1.0" encoding="UTF-8"?>
<!-- Generated by org.testng.reporters.JUnitXMLReporter -->
<testsuite ignored="0" hostname="PIL-tEmluzUJI5j" failures="1" tests="3" name="Chrome LambdaTest" time="21.336" errors="0" timestamp="2025-01-25T16:23:15 IST">
  <testcase classname="com.testscenarios.TestScenario3" name="testScenario3" time="1.025"/>
  <testcase classname="com.testscenarios.TestScenario2" name="testScenario2" time="1.373"/>
  <testcase classname="com.testscenarios.TestScenario1" name="testScenario1" time="0.128">
    <failure type="java.lang.AssertionError" message="The following asserts failed:
	Page title did not match the expected value! expected [LambdaTest] but found [Selenium Grid Online | Run Selenium Test On Cloud]">
        <![CDATA[java.lang.AssertionError: The following asserts failed:
Page title did not match the expected value! expected [LambdaTest] but found [Selenium Grid Online | Run Selenium Test On Cloud]
at com.testscenarios.TestScenario1.testScenario1(PageTitleDemo.java:17)
at java.base/java.util.concurrent.ThreadPoolExecutor.runWorker(ThreadPoolExecutor.java:1136)
at java.base/java.util.concurrent.ThreadPoolExecutor$Worker.run(ThreadPoolExecutor.java:635)
at java.base/java.lang.Thread.run(Thread.java:833)
... Removed 19 stack frames]]>
    </failure>
  </testcase> <!-- testScenario1 -->
</testsuite> <!-- Chrome LambdaTest -->
